#
# There is insufficient memory for the Java Runtime Environment to continue.
# Native memory allocation (malloc) failed to allocate 1048576 bytes for AllocateHeap
# Possible reasons:
#   The system is out of physical RAM or swap space
#   The process is running with CompressedOops enabled, and the Java Heap may be blocking the growth of the native heap
# Possible solutions:
#   Reduce memory load on the system
#   Increase physical memory or swap space
#   Check if swap backing store is full
#   Decrease Java heap size (-Xmx/-Xms)
#   Decrease number of Java threads
#   Decrease Java thread stack sizes (-Xss)
#   Set larger code cache with -XX:ReservedCodeCacheSize=
#   JVM is running with Unscaled Compressed Oops mode in which the Java heap is
#     placed in the first 4GB address space. The Java Heap base address is the
#     maximum limit for the native heap growth. Please use -XX:HeapBaseMinAddress
#     to set the Java Heap base and to place the Java Heap above 4GB virtual address.
# This output file may be truncated or incomplete.
#
#  Out of Memory Error (allocation.cpp:44), pid=16580, tid=3260
#
# JRE version: OpenJDK Runtime Environment Temurin-17.0.10+7 (17.0.10+7) (build 17.0.10+7)
# Java VM: OpenJDK 64-Bit Server VM Temurin-17.0.10+7 (17.0.10+7, mixed mode, emulated-client, tiered, compressed oops, compressed class ptrs, g1 gc, windows-amd64)
# No core dump will be written. Minidumps are not enabled by default on client versions of Windows
#

---------------  S U M M A R Y ------------

Command Line: -XX:+HeapDumpOnOutOfMemoryError -Xmx1024m -Dsts.lsp.client=vscode -Dsts.log.file=/dev/null -XX:TieredStopAtLevel=1 -Xlog:jni+resolve=off -Dspring.config.location=file:c:\Users\DELL 5425\.vscode\extensions\vmware.vscode-spring-boot-1.53.0\language-server\BOOT-INF\classes\application.properties org.springframework.ide.vscode.boot.app.BootLanguageServerBootApp

Host: AMD Ryzen 5 5625U with Radeon Graphics         , 12 cores, 15G,  Windows 11 , 64 bit Build 22000 (10.0.22000.318)
Time: Sat Mar 30 22:21:16 2024 SE Asia Standard Time elapsed time: 9134.656272 seconds (0d 2h 32m 14s)

---------------  T H R E A D  ---------------

Current thread (0x00000255f8c32530):  VMThread "VM Thread" [stack: 0x000000a8c9500000,0x000000a8c9600000] [id=3260]

Stack: [0x000000a8c9500000,0x000000a8c9600000]
Native frames: (J=compiled Java code, j=interpreted, Vv=VM code, C=native code)
V  [jvm.dll+0x67d2c9]
V  [jvm.dll+0x834afa]
V  [jvm.dll+0x8365be]
V  [jvm.dll+0x836c23]
V  [jvm.dll+0x2477ff]
V  [jvm.dll+0xa6c93]
V  [jvm.dll+0x2f8663]
V  [jvm.dll+0x2f42e0]
V  [jvm.dll+0x2dc8c7]
V  [jvm.dll+0x31fb87]
V  [jvm.dll+0x83b11b]
V  [jvm.dll+0x83be61]
V  [jvm.dll+0x83c37d]
V  [jvm.dll+0x83c754]
V  [jvm.dll+0x83c820]
V  [jvm.dll+0x7e3fba]
V  [jvm.dll+0x67c1b5]
C  [ucrtbase.dll+0x26c0c]
C  [KERNEL32.DLL+0x154e0]
C  [ntdll.dll+0x485b]

VM_Operation (0x000000a8cb0fedc0): G1CollectFull, mode: safepoint, requested by thread 0x00000255fe8526f0


---------------  P R O C E S S  ---------------

Threads class SMR info:
_java_thread_list=0x00000255ff926270, length=31, elements={
0x00000255f8c4e2c0, 0x00000255fd01c470, 0x00000255fd052a20, 0x00000255fd0535b0,
0x00000255fd054e90, 0x00000255fd055760, 0x00000255fd0560e0, 0x00000255fd0569f0,
0x00000255fd2896f0, 0x00000255fd29e040, 0x00000255fe6f2440, 0x00000255fe8526f0,
0x00000255fe84f0a0, 0x00000255eb9c45c0, 0x00000255fe3f8e60, 0x00000255fe89ab70,
0x00000255fe8d1a00, 0x00000255fe7d3630, 0x00000255fe7d8730, 0x00000255fe7d8220,
0x00000255fe7d9150, 0x00000255fe7d72f0, 0x00000255fe7d2c10, 0x00000255fe7d63c0,
0x00000255fe7d8c40, 0x00000255fe7d7800, 0x00000255fe7d68d0, 0x00000255fe7d3120,
0x00000255fe7d3b40, 0x00000255fe7d4f80, 0x00000255fe8d2e40
}

Java Threads: ( => current thread )
  0x00000255f8c4e2c0 JavaThread "Reference Handler" daemon [_thread_blocked, id=23792, stack(0x000000a8c9600000,0x000000a8c9700000)]
  0x00000255fd01c470 JavaThread "Finalizer" daemon [_thread_blocked, id=11928, stack(0x000000a8c9700000,0x000000a8c9800000)]
  0x00000255fd052a20 JavaThread "Signal Dispatcher" daemon [_thread_blocked, id=23296, stack(0x000000a8c9800000,0x000000a8c9900000)]
  0x00000255fd0535b0 JavaThread "Attach Listener" daemon [_thread_blocked, id=25260, stack(0x000000a8c9900000,0x000000a8c9a00000)]
  0x00000255fd054e90 JavaThread "Service Thread" daemon [_thread_blocked, id=21940, stack(0x000000a8c9a00000,0x000000a8c9b00000)]
  0x00000255fd055760 JavaThread "Monitor Deflation Thread" daemon [_thread_blocked, id=7164, stack(0x000000a8c9b00000,0x000000a8c9c00000)]
  0x00000255fd0560e0 JavaThread "C1 CompilerThread0" daemon [_thread_blocked, id=26648, stack(0x000000a8c9c00000,0x000000a8c9d00000)]
  0x00000255fd0569f0 JavaThread "Sweeper thread" daemon [_thread_blocked, id=23656, stack(0x000000a8c9d00000,0x000000a8c9e00000)]
  0x00000255fd2896f0 JavaThread "Notification Thread" daemon [_thread_blocked, id=13728, stack(0x000000a8c9e00000,0x000000a8c9f00000)]
  0x00000255fd29e040 JavaThread "Common-Cleaner" daemon [_thread_blocked, id=28528, stack(0x000000a8ca000000,0x000000a8ca100000)]
  0x00000255fe6f2440 JavaThread "boundedElastic-evictor-1" daemon [_thread_blocked, id=6996, stack(0x000000a8ca800000,0x000000a8ca900000)]
  0x00000255fe8526f0 JavaThread "pool-13-thread-1" [_thread_blocked, id=16644, stack(0x000000a8cb000000,0x000000a8cb100000)]
  0x00000255fe84f0a0 JavaThread "LanguageServerApp-lifecycle" [_thread_blocked, id=14864, stack(0x000000a8cb100000,0x000000a8cb200000)]
  0x00000255eb9c45c0 JavaThread "DestroyJavaVM" [_thread_blocked, id=7656, stack(0x000000a8c8f00000,0x000000a8c9000000)]
  0x00000255fe3f8e60 JavaThread "pool-14-thread-1" [_thread_in_native, id=22344, stack(0x000000a8cb200000,0x000000a8cb300000)]
  0x00000255fe89ab70 JavaThread "Simple-Language-Server main thread" daemon [_thread_blocked, id=13416, stack(0x000000a8cb300000,0x000000a8cb400000)]
  0x00000255fe8d1a00 JavaThread "pool-8-thread-1" [_thread_blocked, id=22480, stack(0x000000a8cb900000,0x000000a8cba00000)]
  0x00000255fe7d3630 JavaThread "parallel-1" daemon [_thread_blocked, id=14324, stack(0x000000a8cba00000,0x000000a8cbb00000)]
  0x00000255fe7d8730 JavaThread "pool-6-thread-1" [_thread_blocked, id=20880, stack(0x000000a8cbb00000,0x000000a8cbc00000)]
  0x00000255fe7d8220 JavaThread "parallel-2" daemon [_thread_blocked, id=8916, stack(0x000000a8cbc00000,0x000000a8cbd00000)]
  0x00000255fe7d9150 JavaThread "parallel-3" daemon [_thread_blocked, id=22904, stack(0x000000a8cbd00000,0x000000a8cbe00000)]
  0x00000255fe7d72f0 JavaThread "parallel-4" daemon [_thread_blocked, id=17196, stack(0x000000a8cc300000,0x000000a8cc400000)]
  0x00000255fe7d2c10 JavaThread "parallel-5" daemon [_thread_blocked, id=14812, stack(0x000000a8cc400000,0x000000a8cc500000)]
  0x00000255fe7d63c0 JavaThread "Reconciler-1" daemon [_thread_blocked, id=21360, stack(0x000000a8cc500000,0x000000a8cc600000)]
  0x00000255fe7d8c40 JavaThread "parallel-6" daemon [_thread_blocked, id=10448, stack(0x000000a8ca100000,0x000000a8ca200000)]
  0x00000255fe7d7800 JavaThread "parallel-7" daemon [_thread_blocked, id=13252, stack(0x000000a8cb600000,0x000000a8cb700000)]
  0x00000255fe7d68d0 JavaThread "parallel-8" daemon [_thread_blocked, id=26088, stack(0x000000a8cb400000,0x000000a8cb500000)]
  0x00000255fe7d3120 JavaThread "parallel-9" daemon [_thread_blocked, id=13656, stack(0x000000a8cb700000,0x000000a8cb800000)]
  0x00000255fe7d3b40 JavaThread "parallel-10" daemon [_thread_blocked, id=9180, stack(0x000000a8cb500000,0x000000a8cb600000)]
  0x00000255fe7d4f80 JavaThread "parallel-11" daemon [_thread_blocked, id=26580, stack(0x000000a8cc100000,0x000000a8cc200000)]
  0x00000255fe8d2e40 JavaThread "parallel-12" daemon [_thread_blocked, id=8560, stack(0x000000a8cc200000,0x000000a8cc300000)]

Other Threads:
=>0x00000255f8c32530 VMThread "VM Thread" [stack: 0x000000a8c9500000,0x000000a8c9600000] [id=3260]
  0x00000255fd289bd0 WatcherThread [stack: 0x000000a8c9f00000,0x000000a8ca000000] [id=23696]
  0x00000255eba02980 GCTaskThread "GC Thread#0" [stack: 0x000000a8c9000000,0x000000a8c9100000] [id=18644]
  0x00000255fdd0bcf0 GCTaskThread "GC Thread#1" [stack: 0x000000a8ca200000,0x000000a8ca300000] [id=7852]
  0x00000255fdd201f0 GCTaskThread "GC Thread#2" [stack: 0x000000a8ca300000,0x000000a8ca400000] [id=12896]
  0x00000255fdd204b0 GCTaskThread "GC Thread#3" [stack: 0x000000a8ca400000,0x000000a8ca500000] [id=4700]
  0x00000255fdd20770 GCTaskThread "GC Thread#4" [stack: 0x000000a8ca500000,0x000000a8ca600000] [id=18620]
  0x00000255fdf22850 GCTaskThread "GC Thread#5" [stack: 0x000000a8ca700000,0x000000a8ca800000] [id=11320]
  0x00000255fe28d180 GCTaskThread "GC Thread#6" [stack: 0x000000a8caa00000,0x000000a8cab00000] [id=22224]
  0x00000255fe28d440 GCTaskThread "GC Thread#7" [stack: 0x000000a8cab00000,0x000000a8cac00000] [id=21620]
  0x00000255fe28d700 GCTaskThread "GC Thread#8" [stack: 0x000000a8cac00000,0x000000a8cad00000] [id=15804]
  0x00000255fe28ee00 GCTaskThread "GC Thread#9" [stack: 0x000000a8cad00000,0x000000a8cae00000] [id=24604]
  0x00000255eba0b7e0 ConcurrentGCThread "G1 Main Marker" [stack: 0x000000a8c9100000,0x000000a8c9200000] [id=21140]
  0x00000255eba0c110 ConcurrentGCThread "G1 Conc#0" [stack: 0x000000a8c9200000,0x000000a8c9300000] [id=24116]
  0x00000255fe0b7440 ConcurrentGCThread "G1 Conc#1" [stack: 0x000000a8cae00000,0x000000a8caf00000] [id=27836]
  0x00000255fe25ffd0 ConcurrentGCThread "G1 Conc#2" [stack: 0x000000a8caf00000,0x000000a8cb000000] [id=25640]
  0x00000255f8ab2150 ConcurrentGCThread "G1 Refine#0" [stack: 0x000000a8c9300000,0x000000a8c9400000] [id=6252]
  0x00000255ff938f50 ConcurrentGCThread "G1 Refine#1" [stack: 0x000000a8cb800000,0x000000a8cb900000] [id=17764]
  0x00000255f8ab2990 ConcurrentGCThread "G1 Service" [stack: 0x000000a8c9400000,0x000000a8c9500000] [id=20400]

Threads with active compile tasks:

VM state: at safepoint (normal execution)

VM Mutex/Monitor currently owned by a thread:  ([mutex/lock_event])
[0x00000255eb77e9b0] Threads_lock - owner thread: 0x00000255f8c32530
[0x00000255eb9c1da0] Heap_lock - owner thread: 0x00000255fe8526f0

Heap address: 0x00000000c0000000, size: 1024 MB, Compressed Oops mode: 32-bit

CDS archive(s) not mapped
Compressed class space mapped at: 0x0000000100000000-0x0000000140000000, reserved size: 1073741824
Narrow klass base: 0x0000000000000000, Narrow klass shift: 3, Narrow klass range: 0x140000000

GC Precious Log:
 CPUs: 12 total, 12 available
 Memory: 15720M
 Large Page Support: Disabled
 NUMA Support: Disabled
 Compressed Oops: Enabled (32-bit)
 Heap Region Size: 1M
 Heap Min Capacity: 8M
 Heap Initial Capacity: 246M
 Heap Max Capacity: 1G
 Pre-touch: Disabled
 Parallel Workers: 10
 Concurrent Workers: 3
 Concurrent Refinement Workers: 10
 Periodic GC: Disabled

Heap:
 garbage-first heap   total 102400K, used 36699K [0x00000000c0000000, 0x0000000100000000)
  region size 1024K, 1 young (1024K), 0 survivors (0K)
 Metaspace       used 59517K, committed 59968K, reserved 1114112K
  class space    used 7432K, committed 7680K, reserved 1048576K

Heap Regions: E=young(eden), S=young(survivor), O=old, HS=humongous(starts), HC=humongous(continues), CS=collection set, F=free, OA=open archive, CA=closed archive, TAMS=top-at-mark-start (previous, next)
|   0|0x00000000c0000000, 0x00000000c0100000, 0x00000000c0100000|100%|HS|  |TAMS 0x00000000c0100000, 0x00000000c0000000| Untracked 
|   1|0x00000000c0100000, 0x00000000c0200000, 0x00000000c0200000|100%|HC|  |TAMS 0x00000000c0200000, 0x00000000c0100000| Untracked 
|   2|0x00000000c0200000, 0x00000000c0300000, 0x00000000c0300000|100%|HC|  |TAMS 0x00000000c0300000, 0x00000000c0200000| Untracked 
|   3|0x00000000c0300000, 0x00000000c0400000, 0x00000000c0400000|100%|HC|  |TAMS 0x00000000c0400000, 0x00000000c0300000| Untracked 
|   4|0x00000000c0400000, 0x00000000c0500000, 0x00000000c0500000|100%|HS|  |TAMS 0x00000000c0500000, 0x00000000c0400000| Untracked 
|   5|0x00000000c0500000, 0x00000000c0600000, 0x00000000c0600000|100%|HC|  |TAMS 0x00000000c0600000, 0x00000000c0500000| Untracked 
|   6|0x00000000c0600000, 0x00000000c0700000, 0x00000000c0700000|100%| O|  |TAMS 0x00000000c0700000, 0x00000000c0600000| Untracked 
|   7|0x00000000c0700000, 0x00000000c0800000, 0x00000000c0800000|100%| O|  |TAMS 0x00000000c0800000, 0x00000000c0700000| Untracked 
|   8|0x00000000c0800000, 0x00000000c0900000, 0x00000000c0900000|100%| O|  |TAMS 0x00000000c0900000, 0x00000000c0800000| Untracked 
|   9|0x00000000c0900000, 0x00000000c09ffd00, 0x00000000c0a00000| 99%| O|  |TAMS 0x00000000c09ffd00, 0x00000000c0900000| Untracked 
|  10|0x00000000c0a00000, 0x00000000c0b00000, 0x00000000c0b00000|100%| O|  |TAMS 0x00000000c0b00000, 0x00000000c0a00000| Untracked 
|  11|0x00000000c0b00000, 0x00000000c0bfffa8, 0x00000000c0c00000| 99%| O|  |TAMS 0x00000000c0bfffa8, 0x00000000c0b00000| Untracked 
|  12|0x00000000c0c00000, 0x00000000c0cfffb0, 0x00000000c0d00000| 99%| O|  |TAMS 0x00000000c0cfffb0, 0x00000000c0c00000| Untracked 
|  13|0x00000000c0d00000, 0x00000000c0dfffe0, 0x00000000c0e00000| 99%| O|  |TAMS 0x00000000c0dfffe0, 0x00000000c0d00000| Untracked 
|  14|0x00000000c0e00000, 0x00000000c0effff8, 0x00000000c0f00000| 99%| O|  |TAMS 0x00000000c0effff8, 0x00000000c0e00000| Untracked 
|  15|0x00000000c0f00000, 0x00000000c0fffff0, 0x00000000c1000000| 99%| O|  |TAMS 0x00000000c0fffff0, 0x00000000c0f00000| Untracked 
|  16|0x00000000c1000000, 0x00000000c10fffc0, 0x00000000c1100000| 99%| O|  |TAMS 0x00000000c10fffc0, 0x00000000c1000000| Untracked 
|  17|0x00000000c1100000, 0x00000000c11fffb8, 0x00000000c1200000| 99%| O|  |TAMS 0x00000000c11fffb8, 0x00000000c1100000| Untracked 
|  18|0x00000000c1200000, 0x00000000c12ffff0, 0x00000000c1300000| 99%| O|  |TAMS 0x00000000c12ffff0, 0x00000000c1200000| Untracked 
|  19|0x00000000c1300000, 0x00000000c13fe7b8, 0x00000000c1400000| 99%| O|  |TAMS 0x00000000c13fe7b8, 0x00000000c1300000| Untracked 
|  20|0x00000000c1400000, 0x00000000c14f7348, 0x00000000c1500000| 96%| O|  |TAMS 0x00000000c14f7348, 0x00000000c1400000| Untracked 
|  21|0x00000000c1500000, 0x00000000c1600000, 0x00000000c1600000|100%| O|  |TAMS 0x00000000c1600000, 0x00000000c1500000| Untracked 
|  22|0x00000000c1600000, 0x00000000c16ffff0, 0x00000000c1700000| 99%| O|  |TAMS 0x00000000c16ffff0, 0x00000000c1600000| Untracked 
|  23|0x00000000c1700000, 0x00000000c17ffe58, 0x00000000c1800000| 99%| O|  |TAMS 0x00000000c17ffe58, 0x00000000c1700000| Untracked 
|  24|0x00000000c1800000, 0x00000000c1900000, 0x00000000c1900000|100%| O|  |TAMS 0x00000000c1900000, 0x00000000c1800000| Untracked 
|  25|0x00000000c1900000, 0x00000000c19fff98, 0x00000000c1a00000| 99%| O|  |TAMS 0x00000000c19fff98, 0x00000000c1900000| Untracked 
|  26|0x00000000c1a00000, 0x00000000c1afffe8, 0x00000000c1b00000| 99%| O|  |TAMS 0x00000000c1afffe8, 0x00000000c1a00000| Untracked 
|  27|0x00000000c1b00000, 0x00000000c1bffff0, 0x00000000c1c00000| 99%| O|  |TAMS 0x00000000c1bffff0, 0x00000000c1b00000| Untracked 
|  28|0x00000000c1c00000, 0x00000000c1cfffd8, 0x00000000c1d00000| 99%| O|  |TAMS 0x00000000c1cfffd8, 0x00000000c1c00000| Untracked 
|  29|0x00000000c1d00000, 0x00000000c1dff788, 0x00000000c1e00000| 99%| O|  |TAMS 0x00000000c1dff788, 0x00000000c1d00000| Untracked 
|  30|0x00000000c1e00000, 0x00000000c1efd5b0, 0x00000000c1f00000| 98%| O|  |TAMS 0x00000000c1efd5b0, 0x00000000c1e00000| Untracked 
|  31|0x00000000c1f00000, 0x00000000c1ffa038, 0x00000000c2000000| 97%| O|  |TAMS 0x00000000c1ffa038, 0x00000000c1f00000| Untracked 
|  32|0x00000000c2000000, 0x00000000c20fa5a0, 0x00000000c2100000| 97%| O|  |TAMS 0x00000000c20fa5a0, 0x00000000c2000000| Untracked 
|  33|0x00000000c2100000, 0x00000000c21ffff8, 0x00000000c2200000| 99%| O|  |TAMS 0x00000000c21ffff8, 0x00000000c2100000| Untracked 
|  34|0x00000000c2200000, 0x00000000c22bfd78, 0x00000000c2300000| 74%| O|  |TAMS 0x00000000c2200000, 0x00000000c2200000| Untracked 
|  35|0x00000000c2300000, 0x00000000c2330838, 0x00000000c2400000| 18%| O|  |TAMS 0x00000000c2300000, 0x00000000c2300000| Untracked 
|  36|0x00000000c2400000, 0x00000000c2500000, 0x00000000c2500000|100%|HS|  |TAMS 0x00000000c2500000, 0x00000000c2400000| Untracked 
|  37|0x00000000c2500000, 0x00000000c2500000, 0x00000000c2600000|  0%| F|  |TAMS 0x00000000c2500000, 0x00000000c2500000| Untracked 
|  38|0x00000000c2600000, 0x00000000c2600000, 0x00000000c2700000|  0%| F|  |TAMS 0x00000000c2600000, 0x00000000c2600000| Untracked 
|  39|0x00000000c2700000, 0x00000000c2700000, 0x00000000c2800000|  0%| F|  |TAMS 0x00000000c2700000, 0x00000000c2700000| Untracked 
|  40|0x00000000c2800000, 0x00000000c2800000, 0x00000000c2900000|  0%| F|  |TAMS 0x00000000c2800000, 0x00000000c2800000| Untracked 
|  41|0x00000000c2900000, 0x00000000c2900000, 0x00000000c2a00000|  0%| F|  |TAMS 0x00000000c2900000, 0x00000000c2900000| Untracked 
|  42|0x00000000c2a00000, 0x00000000c2a00000, 0x00000000c2b00000|  0%| F|  |TAMS 0x00000000c2a00000, 0x00000000c2a00000| Untracked 
|  43|0x00000000c2b00000, 0x00000000c2b00000, 0x00000000c2c00000|  0%| F|  |TAMS 0x00000000c2b00000, 0x00000000c2b00000| Untracked 
|  44|0x00000000c2c00000, 0x00000000c2c00000, 0x00000000c2d00000|  0%| F|  |TAMS 0x00000000c2c00000, 0x00000000c2c00000| Untracked 
|  45|0x00000000c2d00000, 0x00000000c2d00000, 0x00000000c2e00000|  0%| F|  |TAMS 0x00000000c2d00000, 0x00000000c2d00000| Untracked 
|  46|0x00000000c2e00000, 0x00000000c2e00000, 0x00000000c2f00000|  0%| F|  |TAMS 0x00000000c2e00000, 0x00000000c2e00000| Untracked 
|  47|0x00000000c2f00000, 0x00000000c2f00000, 0x00000000c3000000|  0%| F|  |TAMS 0x00000000c2f00000, 0x00000000c2f00000| Untracked 
|  48|0x00000000c3000000, 0x00000000c3000000, 0x00000000c3100000|  0%| F|  |TAMS 0x00000000c3000000, 0x00000000c3000000| Untracked 
|  49|0x00000000c3100000, 0x00000000c3100000, 0x00000000c3200000|  0%| F|  |TAMS 0x00000000c3100000, 0x00000000c3100000| Untracked 
|  50|0x00000000c3200000, 0x00000000c3200000, 0x00000000c3300000|  0%| F|  |TAMS 0x00000000c3200000, 0x00000000c3200000| Untracked 
|  51|0x00000000c3300000, 0x00000000c3300000, 0x00000000c3400000|  0%| F|  |TAMS 0x00000000c3300000, 0x00000000c3300000| Untracked 
|  52|0x00000000c3400000, 0x00000000c3400000, 0x00000000c3500000|  0%| F|  |TAMS 0x00000000c3400000, 0x00000000c3400000| Untracked 
|  53|0x00000000c3500000, 0x00000000c3500000, 0x00000000c3600000|  0%| F|  |TAMS 0x00000000c3500000, 0x00000000c3500000| Untracked 
|  54|0x00000000c3600000, 0x00000000c3600000, 0x00000000c3700000|  0%| F|  |TAMS 0x00000000c3600000, 0x00000000c3600000| Untracked 
|  55|0x00000000c3700000, 0x00000000c3700000, 0x00000000c3800000|  0%| F|  |TAMS 0x00000000c3700000, 0x00000000c3700000| Untracked 
|  56|0x00000000c3800000, 0x00000000c3800000, 0x00000000c3900000|  0%| F|  |TAMS 0x00000000c3800000, 0x00000000c3800000| Untracked 
|  57|0x00000000c3900000, 0x00000000c3900000, 0x00000000c3a00000|  0%| F|  |TAMS 0x00000000c3900000, 0x00000000c3900000| Untracked 
|  58|0x00000000c3a00000, 0x00000000c3a00000, 0x00000000c3b00000|  0%| F|  |TAMS 0x00000000c3a00000, 0x00000000c3a00000| Untracked 
|  59|0x00000000c3b00000, 0x00000000c3b00000, 0x00000000c3c00000|  0%| F|  |TAMS 0x00000000c3b00000, 0x00000000c3b00000| Untracked 
|  60|0x00000000c3c00000, 0x00000000c3c00000, 0x00000000c3d00000|  0%| F|  |TAMS 0x00000000c3c00000, 0x00000000c3c00000| Untracked 
|  61|0x00000000c3d00000, 0x00000000c3d00000, 0x00000000c3e00000|  0%| F|  |TAMS 0x00000000c3d00000, 0x00000000c3d00000| Untracked 
|  62|0x00000000c3e00000, 0x00000000c3e00000, 0x00000000c3f00000|  0%| F|  |TAMS 0x00000000c3e00000, 0x00000000c3e00000| Untracked 
|  63|0x00000000c3f00000, 0x00000000c3f00000, 0x00000000c4000000|  0%| F|  |TAMS 0x00000000c3f00000, 0x00000000c3f00000| Untracked 
|  64|0x00000000c4000000, 0x00000000c4000000, 0x00000000c4100000|  0%| F|  |TAMS 0x00000000c4000000, 0x00000000c4000000| Untracked 
|  65|0x00000000c4100000, 0x00000000c4100000, 0x00000000c4200000|  0%| F|  |TAMS 0x00000000c4100000, 0x00000000c4100000| Untracked 
|  66|0x00000000c4200000, 0x00000000c4200000, 0x00000000c4300000|  0%| F|  |TAMS 0x00000000c4200000, 0x00000000c4200000| Untracked 
|  67|0x00000000c4300000, 0x00000000c4300000, 0x00000000c4400000|  0%| F|  |TAMS 0x00000000c4300000, 0x00000000c4300000| Untracked 
|  68|0x00000000c4400000, 0x00000000c4400000, 0x00000000c4500000|  0%| F|  |TAMS 0x00000000c4400000, 0x00000000c4400000| Untracked 
|  69|0x00000000c4500000, 0x00000000c4500000, 0x00000000c4600000|  0%| F|  |TAMS 0x00000000c4500000, 0x00000000c4500000| Untracked 
|  70|0x00000000c4600000, 0x00000000c4600000, 0x00000000c4700000|  0%| F|  |TAMS 0x00000000c4600000, 0x00000000c4600000| Untracked 
|  71|0x00000000c4700000, 0x00000000c4700000, 0x00000000c4800000|  0%| F|  |TAMS 0x00000000c4700000, 0x00000000c4700000| Untracked 
|  72|0x00000000c4800000, 0x00000000c4800000, 0x00000000c4900000|  0%| F|  |TAMS 0x00000000c4800000, 0x00000000c4800000| Untracked 
|  73|0x00000000c4900000, 0x00000000c4900000, 0x00000000c4a00000|  0%| F|  |TAMS 0x00000000c4900000, 0x00000000c4900000| Untracked 
|  74|0x00000000c4a00000, 0x00000000c4a00000, 0x00000000c4b00000|  0%| F|  |TAMS 0x00000000c4a00000, 0x00000000c4a00000| Untracked 
|  75|0x00000000c4b00000, 0x00000000c4b00000, 0x00000000c4c00000|  0%| F|  |TAMS 0x00000000c4b00000, 0x00000000c4b00000| Untracked 
|  76|0x00000000c4c00000, 0x00000000c4c00000, 0x00000000c4d00000|  0%| F|  |TAMS 0x00000000c4c00000, 0x00000000c4c00000| Untracked 
|  77|0x00000000c4d00000, 0x00000000c4d00000, 0x00000000c4e00000|  0%| F|  |TAMS 0x00000000c4d00000, 0x00000000c4d00000| Untracked 
|  78|0x00000000c4e00000, 0x00000000c4e00000, 0x00000000c4f00000|  0%| F|  |TAMS 0x00000000c4e00000, 0x00000000c4e00000| Untracked 
|  79|0x00000000c4f00000, 0x00000000c4f00000, 0x00000000c5000000|  0%| F|  |TAMS 0x00000000c4f00000, 0x00000000c4f00000| Untracked 
|  80|0x00000000c5000000, 0x00000000c5000000, 0x00000000c5100000|  0%| F|  |TAMS 0x00000000c5000000, 0x00000000c5000000| Untracked 
|  81|0x00000000c5100000, 0x00000000c5100000, 0x00000000c5200000|  0%| F|  |TAMS 0x00000000c5100000, 0x00000000c5100000| Untracked 
|  82|0x00000000c5200000, 0x00000000c5200000, 0x00000000c5300000|  0%| F|  |TAMS 0x00000000c5200000, 0x00000000c5200000| Untracked 
|  83|0x00000000c5300000, 0x00000000c5300000, 0x00000000c5400000|  0%| F|  |TAMS 0x00000000c5300000, 0x00000000c5300000| Untracked 
|  84|0x00000000c5400000, 0x00000000c5400000, 0x00000000c5500000|  0%| F|  |TAMS 0x00000000c5400000, 0x00000000c5400000| Untracked 
|  85|0x00000000c5500000, 0x00000000c5500000, 0x00000000c5600000|  0%| F|  |TAMS 0x00000000c5500000, 0x00000000c5500000| Untracked 
|  86|0x00000000c5600000, 0x00000000c5600000, 0x00000000c5700000|  0%| F|  |TAMS 0x00000000c5600000, 0x00000000c5600000| Untracked 
|  87|0x00000000c5700000, 0x00000000c5700000, 0x00000000c5800000|  0%| F|  |TAMS 0x00000000c5700000, 0x00000000c5700000| Untracked 
|  88|0x00000000c5800000, 0x00000000c5800000, 0x00000000c5900000|  0%| F|  |TAMS 0x00000000c5800000, 0x00000000c5800000| Untracked 
|  89|0x00000000c5900000, 0x00000000c5900000, 0x00000000c5a00000|  0%| F|  |TAMS 0x00000000c5900000, 0x00000000c5900000| Untracked 
|  90|0x00000000c5a00000, 0x00000000c5a00000, 0x00000000c5b00000|  0%| F|  |TAMS 0x00000000c5a00000, 0x00000000c5a00000| Untracked 
|  91|0x00000000c5b00000, 0x00000000c5b00000, 0x00000000c5c00000|  0%| F|  |TAMS 0x00000000c5b00000, 0x00000000c5b00000| Untracked 
|  92|0x00000000c5c00000, 0x00000000c5c00000, 0x00000000c5d00000|  0%| F|  |TAMS 0x00000000c5c00000, 0x00000000c5c00000| Untracked 
|  93|0x00000000c5d00000, 0x00000000c5d00000, 0x00000000c5e00000|  0%| F|  |TAMS 0x00000000c5d00000, 0x00000000c5d00000| Untracked 
|  94|0x00000000c5e00000, 0x00000000c5e00000, 0x00000000c5f00000|  0%| F|  |TAMS 0x00000000c5e00000, 0x00000000c5e00000| Untracked 
| 208|0x00000000cd000000, 0x00000000cd000000, 0x00000000cd100000|  0%| F|  |TAMS 0x00000000cd000000, 0x00000000cd000000| Untracked 
| 209|0x00000000cd100000, 0x00000000cd100000, 0x00000000cd200000|  0%| F|  |TAMS 0x00000000cd100000, 0x00000000cd100000| Untracked 
| 210|0x00000000cd200000, 0x00000000cd200000, 0x00000000cd300000|  0%| F|  |TAMS 0x00000000cd200000, 0x00000000cd200000| Untracked 
| 211|0x00000000cd300000, 0x00000000cd300000, 0x00000000cd400000|  0%| F|  |TAMS 0x00000000cd300000, 0x00000000cd300000| Untracked 
| 212|0x00000000cd400000, 0x00000000cd4058a8, 0x00000000cd500000|  2%| E|  |TAMS 0x00000000cd400000, 0x00000000cd400000| Complete 

Card table byte_map: [0x00000255f3b50000,0x00000255f3d50000] _byte_map_base: 0x00000255f3550000

Marking Bits (Prev, Next): (CMBitMap*) 0x00000255eba02eb0, (CMBitMap*) 0x00000255eba02ef0
 Prev Bits: [0x00000255f3f50000, 0x00000255f4f50000)
 Next Bits: [0x00000255f4f50000, 0x00000255f5f50000)

Polling page: 0x00000255eb710000

Metaspace:

Usage:
  Non-class:     50.86 MB used.
      Class:      7.26 MB used.
       Both:     58.12 MB used.

Virtual space:
  Non-class space:       64.00 MB reserved,      51.06 MB ( 80%) committed,  1 nodes.
      Class space:        1.00 GB reserved,       7.50 MB ( <1%) committed,  1 nodes.
             Both:        1.06 GB reserved,      58.56 MB (  5%) committed. 

Chunk freelists:
   Non-Class:  12.28 MB
       Class:  8.47 MB
        Both:  20.75 MB

MaxMetaspaceSize: unlimited
CompressedClassSpaceSize: 1.00 GB
Initial GC threshold: 21.00 MB
Current GC threshold: 97.75 MB
CDS: off
MetaspaceReclaimPolicy: balanced
 - commit_granule_bytes: 65536.
 - commit_granule_words: 8192.
 - virtual_space_node_default_size: 8388608.
 - enlarge_chunks_in_place: 1.
 - new_chunks_are_fully_committed: 0.
 - uncommit_free_chunks: 1.
 - use_allocation_guard: 0.
 - handle_deallocations: 1.


Internal statistics:

num_allocs_failed_limit: 6.
num_arena_births: 938.
num_arena_deaths: 434.
num_vsnodes_births: 2.
num_vsnodes_deaths: 0.
num_space_committed: 938.
num_space_uncommitted: 1.
num_chunks_returned_to_freelist: 555.
num_chunks_taken_from_freelist: 3033.
num_chunk_merges: 150.
num_chunk_splits: 1873.
num_chunks_enlarged: 1371.
num_inconsistent_stats: 0.

CodeCache: size=49152Kb used=21635Kb max_used=22484Kb free=27516Kb
 bounds [0x00000255efe40000, 0x00000255f1480000, 0x00000255f2e40000]
 total_blobs=11478 nmethods=10802 adapters=601
 compilation: enabled
              stopped_count=0, restarted_count=0
 full_count=0

Compilation events (20 events):
Event: 7197.862 Thread 0x00000255fd0560e0 10966       1       org.eclipse.jdt.internal.compiler.codegen.CodeStream::getPosition (5 bytes)
Event: 7197.862 Thread 0x00000255fd0560e0 nmethod 10966 0x00000255f13f8710 code [0x00000255f13f88a0, 0x00000255f13f8978]
Event: 7201.790 Thread 0x00000255fd0560e0 10968       1       org.eclipse.jdt.internal.compiler.parser.Parser::consumeInterfaceDeclaration (180 bytes)
Event: 7201.791 Thread 0x00000255fd0560e0 nmethod 10968 0x00000255f13f7a10 code [0x00000255f13f7c40, 0x00000255f13f8298]
Event: 7203.781 Thread 0x00000255fd0560e0 10969       1       org.eclipse.lsp4j.jsonrpc.json.adapters.TypeUtils::getElementTypes (13 bytes)
Event: 7203.781 Thread 0x00000255fd0560e0 nmethod 10969 0x00000255f13f7710 code [0x00000255f13f78a0, 0x00000255f13f7968]
Event: 8202.610 Thread 0x00000255fd0560e0 10970       1       java.lang.reflect.Method::acquireMethodAccessor (44 bytes)
Event: 8202.610 Thread 0x00000255fd0560e0 nmethod 10970 0x00000255f13f7110 code [0x00000255f13f72e0, 0x00000255f13f75b8]
Event: 8202.611 Thread 0x00000255fd0560e0 10971       1       jdk.internal.reflect.ReflectionFactory::newMethodAccessor (120 bytes)
Event: 8202.612 Thread 0x00000255fd0560e0 nmethod 10971 0x00000255f13f6310 code [0x00000255f13f6580, 0x00000255f13f6d38]
Event: 8202.612 Thread 0x00000255fd0560e0 10972       1       jdk.internal.reflect.Reflection::isCallerSensitive (24 bytes)
Event: 8202.613 Thread 0x00000255fd0560e0 nmethod 10972 0x00000255f13f5890 code [0x00000255f13f5ac0, 0x00000255f13f5f98]
Event: 8202.613 Thread 0x00000255fd0560e0 10973       1       jdk.internal.reflect.NativeMethodAccessorImpl::<init> (10 bytes)
Event: 8202.613 Thread 0x00000255fd0560e0 nmethod 10973 0x00000255f13f5590 code [0x00000255f13f5720, 0x00000255f13f5838]
Event: 8202.613 Thread 0x00000255fd0560e0 10974       1       jdk.internal.reflect.DelegatingMethodAccessorImpl::<init> (10 bytes)
Event: 8202.613 Thread 0x00000255fd0560e0 nmethod 10974 0x00000255f13f5290 code [0x00000255f13f5420, 0x00000255f13f5538]
Event: 8262.638 Thread 0x00000255fd0560e0 10975       1       java.util.concurrent.SynchronousQueue::isEmpty (2 bytes)
Event: 8262.639 Thread 0x00000255fd0560e0 nmethod 10975 0x00000255f13f4f90 code [0x00000255f13f5120, 0x00000255f13f51f8]
Event: 8860.807 Thread 0x00000255fd0560e0 10976   !   1       java.lang.ThreadGroup::remove (94 bytes)
Event: 8860.808 Thread 0x00000255fd0560e0 nmethod 10976 0x00000255f13f4810 code [0x00000255f13f49c0, 0x00000255f13f4d28]

GC Heap History (20 events):
Event: 9032.373 GC heap before
{Heap before GC invocations=884 (full 685):
 garbage-first heap   total 102400K, used 36699K [0x00000000c0000000, 0x0000000100000000)
  region size 1024K, 1 young (1024K), 0 survivors (0K)
 Metaspace       used 59517K, committed 59968K, reserved 1114112K
  class space    used 7432K, committed 7680K, reserved 1048576K
}
Event: 9032.426 GC heap after
{Heap after GC invocations=885 (full 686):
 garbage-first heap   total 102400K, used 36699K [0x00000000c0000000, 0x0000000100000000)
  region size 1024K, 0 young (0K), 0 survivors (0K)
 Metaspace       used 59517K, committed 59968K, reserved 1114112K
  class space    used 7432K, committed 7680K, reserved 1048576K
}
Event: 9042.562 GC heap before
{Heap before GC invocations=885 (full 686):
 garbage-first heap   total 102400K, used 36699K [0x00000000c0000000, 0x0000000100000000)
  region size 1024K, 1 young (1024K), 0 survivors (0K)
 Metaspace       used 59517K, committed 59968K, reserved 1114112K
  class space    used 7432K, committed 7680K, reserved 1048576K
}
Event: 9042.622 GC heap after
{Heap after GC invocations=886 (full 687):
 garbage-first heap   total 102400K, used 36699K [0x00000000c0000000, 0x0000000100000000)
  region size 1024K, 0 young (0K), 0 survivors (0K)
 Metaspace       used 59517K, committed 59968K, reserved 1114112K
  class space    used 7432K, committed 7680K, reserved 1048576K
}
Event: 9052.790 GC heap before
{Heap before GC invocations=886 (full 687):
 garbage-first heap   total 102400K, used 36699K [0x00000000c0000000, 0x0000000100000000)
  region size 1024K, 1 young (1024K), 0 survivors (0K)
 Metaspace       used 59517K, committed 59968K, reserved 1114112K
  class space    used 7432K, committed 7680K, reserved 1048576K
}
Event: 9052.855 GC heap after
{Heap after GC invocations=887 (full 688):
 garbage-first heap   total 102400K, used 36699K [0x00000000c0000000, 0x0000000100000000)
  region size 1024K, 0 young (0K), 0 survivors (0K)
 Metaspace       used 59517K, committed 59968K, reserved 1114112K
  class space    used 7432K, committed 7680K, reserved 1048576K
}
Event: 9063.096 GC heap before
{Heap before GC invocations=887 (full 688):
 garbage-first heap   total 102400K, used 36699K [0x00000000c0000000, 0x0000000100000000)
  region size 1024K, 1 young (1024K), 0 survivors (0K)
 Metaspace       used 59517K, committed 59968K, reserved 1114112K
  class space    used 7432K, committed 7680K, reserved 1048576K
}
Event: 9063.178 GC heap after
{Heap after GC invocations=888 (full 689):
 garbage-first heap   total 102400K, used 36699K [0x00000000c0000000, 0x0000000100000000)
  region size 1024K, 0 young (0K), 0 survivors (0K)
 Metaspace       used 59517K, committed 59968K, reserved 1114112K
  class space    used 7432K, committed 7680K, reserved 1048576K
}
Event: 9073.411 GC heap before
{Heap before GC invocations=888 (full 689):
 garbage-first heap   total 102400K, used 36699K [0x00000000c0000000, 0x0000000100000000)
  region size 1024K, 1 young (1024K), 0 survivors (0K)
 Metaspace       used 59517K, committed 59968K, reserved 1114112K
  class space    used 7432K, committed 7680K, reserved 1048576K
}
Event: 9073.496 GC heap after
{Heap after GC invocations=889 (full 690):
 garbage-first heap   total 102400K, used 36699K [0x00000000c0000000, 0x0000000100000000)
  region size 1024K, 0 young (0K), 0 survivors (0K)
 Metaspace       used 59517K, committed 59968K, reserved 1114112K
  class space    used 7432K, committed 7680K, reserved 1048576K
}
Event: 9083.644 GC heap before
{Heap before GC invocations=889 (full 690):
 garbage-first heap   total 102400K, used 36699K [0x00000000c0000000, 0x0000000100000000)
  region size 1024K, 1 young (1024K), 0 survivors (0K)
 Metaspace       used 59517K, committed 59968K, reserved 1114112K
  class space    used 7432K, committed 7680K, reserved 1048576K
}
Event: 9083.710 GC heap after
{Heap after GC invocations=890 (full 691):
 garbage-first heap   total 102400K, used 36699K [0x00000000c0000000, 0x0000000100000000)
  region size 1024K, 0 young (0K), 0 survivors (0K)
 Metaspace       used 59517K, committed 59968K, reserved 1114112K
  class space    used 7432K, committed 7680K, reserved 1048576K
}
Event: 9093.860 GC heap before
{Heap before GC invocations=890 (full 691):
 garbage-first heap   total 102400K, used 36699K [0x00000000c0000000, 0x0000000100000000)
  region size 1024K, 1 young (1024K), 0 survivors (0K)
 Metaspace       used 59517K, committed 59968K, reserved 1114112K
  class space    used 7432K, committed 7680K, reserved 1048576K
}
Event: 9093.917 GC heap after
{Heap after GC invocations=891 (full 692):
 garbage-first heap   total 102400K, used 36699K [0x00000000c0000000, 0x0000000100000000)
  region size 1024K, 0 young (0K), 0 survivors (0K)
 Metaspace       used 59517K, committed 59968K, reserved 1114112K
  class space    used 7432K, committed 7680K, reserved 1048576K
}
Event: 9104.060 GC heap before
{Heap before GC invocations=891 (full 692):
 garbage-first heap   total 102400K, used 36699K [0x00000000c0000000, 0x0000000100000000)
  region size 1024K, 1 young (1024K), 0 survivors (0K)
 Metaspace       used 59517K, committed 59968K, reserved 1114112K
  class space    used 7432K, committed 7680K, reserved 1048576K
}
Event: 9104.120 GC heap after
{Heap after GC invocations=892 (full 693):
 garbage-first heap   total 102400K, used 36699K [0x00000000c0000000, 0x0000000100000000)
  region size 1024K, 0 young (0K), 0 survivors (0K)
 Metaspace       used 59517K, committed 59968K, reserved 1114112K
  class space    used 7432K, committed 7680K, reserved 1048576K
}
Event: 9114.317 GC heap before
{Heap before GC invocations=892 (full 693):
 garbage-first heap   total 102400K, used 36699K [0x00000000c0000000, 0x0000000100000000)
  region size 1024K, 1 young (1024K), 0 survivors (0K)
 Metaspace       used 59517K, committed 59968K, reserved 1114112K
  class space    used 7432K, committed 7680K, reserved 1048576K
}
Event: 9114.379 GC heap after
{Heap after GC invocations=893 (full 694):
 garbage-first heap   total 102400K, used 36699K [0x00000000c0000000, 0x0000000100000000)
  region size 1024K, 0 young (0K), 0 survivors (0K)
 Metaspace       used 59517K, committed 59968K, reserved 1114112K
  class space    used 7432K, committed 7680K, reserved 1048576K
}
Event: 9124.526 GC heap before
{Heap before GC invocations=893 (full 694):
 garbage-first heap   total 102400K, used 36699K [0x00000000c0000000, 0x0000000100000000)
  region size 1024K, 1 young (1024K), 0 survivors (0K)
 Metaspace       used 59517K, committed 59968K, reserved 1114112K
  class space    used 7432K, committed 7680K, reserved 1048576K
}
Event: 9124.590 GC heap after
{Heap after GC invocations=894 (full 695):
 garbage-first heap   total 102400K, used 36699K [0x00000000c0000000, 0x0000000100000000)
  region size 1024K, 0 young (0K), 0 survivors (0K)
 Metaspace       used 59517K, committed 59968K, reserved 1114112K
  class space    used 7432K, committed 7680K, reserved 1048576K
}

Dll operation events (10 events):
Event: 0.011 Loaded shared library c:\Users\DELL 5425\.vscode\extensions\redhat.java-1.28.1-win32-x64\jre\17.0.10-win32-x86_64\bin\java.dll
Event: 0.413 Loaded shared library C:\Users\DELL 5425\.vscode\extensions\redhat.java-1.28.1-win32-x64\jre\17.0.10-win32-x86_64\bin\net.dll
Event: 0.416 Loaded shared library C:\Users\DELL 5425\.vscode\extensions\redhat.java-1.28.1-win32-x64\jre\17.0.10-win32-x86_64\bin\nio.dll
Event: 1.007 Loaded shared library C:\Users\DELL 5425\.vscode\extensions\redhat.java-1.28.1-win32-x64\jre\17.0.10-win32-x86_64\bin\zip.dll
Event: 8.620 Loaded shared library C:\Users\DELL 5425\.vscode\extensions\redhat.java-1.28.1-win32-x64\jre\17.0.10-win32-x86_64\bin\jimage.dll
Event: 10.331 Loaded shared library c:\Users\DELL 5425\.vscode\extensions\redhat.java-1.28.1-win32-x64\jre\17.0.10-win32-x86_64\bin\verify.dll
Event: 13.878 Loaded shared library C:\Users\DELL 5425\.vscode\extensions\redhat.java-1.28.1-win32-x64\jre\17.0.10-win32-x86_64\bin\management.dll
Event: 13.880 Loaded shared library C:\Users\DELL 5425\.vscode\extensions\redhat.java-1.28.1-win32-x64\jre\17.0.10-win32-x86_64\bin\management_ext.dll
Event: 14.990 Loaded shared library C:\Users\DELL 5425\.vscode\extensions\redhat.java-1.28.1-win32-x64\jre\17.0.10-win32-x86_64\bin\sunmscapi.dll
Event: 15.258 Loaded shared library C:\Users\DELL 5425\.vscode\extensions\redhat.java-1.28.1-win32-x64\jre\17.0.10-win32-x86_64\bin\extnet.dll

Deoptimization events (20 events):
Event: 105.448 Thread 0x00000255fe3f8e60 DEOPT PACKING pc=0x00000255f04e0ad4 sp=0x000000a8cb2fee50
Event: 105.448 Thread 0x00000255fe3f8e60 DEOPT UNPACKING pc=0x00000255efe97143 sp=0x000000a8cb2fe2f8 mode 0
Event: 337.702 Thread 0x00000255fe7d8730 DEOPT PACKING pc=0x00000255f06edf0c sp=0x000000a8cbbfe1a0
Event: 337.702 Thread 0x00000255fe7d8730 DEOPT UNPACKING pc=0x00000255efe97143 sp=0x000000a8cbbfd708 mode 0
Event: 337.702 Thread 0x00000255fe7d8730 DEOPT PACKING pc=0x00000255f084adcc sp=0x000000a8cbbfe2d0
Event: 337.702 Thread 0x00000255fe7d8730 DEOPT UNPACKING pc=0x00000255efe97143 sp=0x000000a8cbbfd7b0 mode 0
Event: 337.702 Thread 0x00000255fe7d8730 DEOPT PACKING pc=0x00000255f06edf0c sp=0x000000a8cbbfe400
Event: 337.702 Thread 0x00000255fe7d8730 DEOPT UNPACKING pc=0x00000255efe97143 sp=0x000000a8cbbfd968 mode 0
Event: 337.702 Thread 0x00000255fe7d8730 DEOPT PACKING pc=0x00000255f084adcc sp=0x000000a8cbbfe530
Event: 337.702 Thread 0x00000255fe7d8730 DEOPT UNPACKING pc=0x00000255efe97143 sp=0x000000a8cbbfda28 mode 0
Event: 337.711 Thread 0x00000255fe7d8730 DEOPT PACKING pc=0x00000255f06edf0c sp=0x000000a8cbbfe8a0
Event: 337.711 Thread 0x00000255fe7d8730 DEOPT UNPACKING pc=0x00000255efe97143 sp=0x000000a8cbbfde08 mode 0
Event: 337.711 Thread 0x00000255fe7d8730 DEOPT PACKING pc=0x00000255f084adcc sp=0x000000a8cbbfe9d0
Event: 337.711 Thread 0x00000255fe7d8730 DEOPT UNPACKING pc=0x00000255efe97143 sp=0x000000a8cbbfdec8 mode 0
Event: 4248.313 Thread 0x00000255fe7da080 DEOPT PACKING pc=0x00000255f09d84b4 sp=0x000000a8ca9fe450
Event: 4248.313 Thread 0x00000255fe7da080 DEOPT UNPACKING pc=0x00000255efe97143 sp=0x000000a8ca9fd9a0 mode 0
Event: 5320.365 Thread 0x00000255fe7da080 DEOPT PACKING pc=0x00000255f0931004 sp=0x000000a8cbffe220
Event: 5320.365 Thread 0x00000255fe7da080 DEOPT UNPACKING pc=0x00000255efe97143 sp=0x000000a8cbffd698 mode 0
Event: 5658.723 Thread 0x00000255fe7d9b70 DEOPT PACKING pc=0x00000255f0a773bc sp=0x000000a8c8efd470
Event: 5658.723 Thread 0x00000255fe7d9b70 DEOPT UNPACKING pc=0x00000255efe97143 sp=0x000000a8c8efc958 mode 0

Classes unloaded (20 events):
Event: 6263.799 Thread 0x00000255f8c32530 Unloading class 0x000000010039d400 'jdk/internal/reflect/GeneratedMethodAccessor52'
Event: 6263.799 Thread 0x00000255f8c32530 Unloading class 0x000000010039c000 'jdk/internal/reflect/GeneratedMethodAccessor51'
Event: 6263.799 Thread 0x00000255f8c32530 Unloading class 0x000000010075a400 'jdk/internal/reflect/GeneratedMethodAccessor50'
Event: 7257.720 Thread 0x00000255f8c32530 Unloading class 0x000000010039c000 'java/lang/invoke/LambdaForm$MH+0x000000010039c000'
Event: 7257.720 Thread 0x00000255f8c32530 Unloading class 0x000000010039d400 'java/lang/invoke/LambdaForm$MH+0x000000010039d400'
Event: 7257.720 Thread 0x00000255f8c32530 Unloading class 0x000000010039e000 'java/lang/invoke/LambdaForm$MH+0x000000010039e000'
Event: 7257.720 Thread 0x00000255f8c32530 Unloading class 0x0000000100751c00 'java/lang/invoke/LambdaForm$MH+0x0000000100751c00'
Event: 7257.720 Thread 0x00000255f8c32530 Unloading class 0x0000000100759000 'java/lang/invoke/LambdaForm$MH+0x0000000100759000'
Event: 7257.720 Thread 0x00000255f8c32530 Unloading class 0x000000010074d400 'java/lang/invoke/LambdaForm$MH+0x000000010074d400'
Event: 7298.433 Thread 0x00000255f8c32530 Unloading class 0x000000010078a800 'jdk/internal/reflect/GeneratedConstructorAccessor85'
Event: 7298.433 Thread 0x00000255f8c32530 Unloading class 0x000000010078a400 'jdk/internal/reflect/GeneratedMethodAccessor60'
Event: 7298.433 Thread 0x00000255f8c32530 Unloading class 0x000000010078a000 'jdk/internal/reflect/GeneratedConstructorAccessor84'
Event: 7298.433 Thread 0x00000255f8c32530 Unloading class 0x0000000100789c00 'jdk/internal/reflect/GeneratedConstructorAccessor83'
Event: 7298.433 Thread 0x00000255f8c32530 Unloading class 0x0000000100789800 'jdk/internal/reflect/GeneratedMethodAccessor59'
Event: 7298.433 Thread 0x00000255f8c32530 Unloading class 0x0000000100789400 'jdk/internal/reflect/GeneratedConstructorAccessor82'
Event: 7298.433 Thread 0x00000255f8c32530 Unloading class 0x0000000100789000 'jdk/internal/reflect/GeneratedMethodAccessor58'
Event: 7298.433 Thread 0x00000255f8c32530 Unloading class 0x0000000100788c00 'jdk/internal/reflect/GeneratedConstructorAccessor81'
Event: 7298.433 Thread 0x00000255f8c32530 Unloading class 0x0000000100788800 'jdk/internal/reflect/GeneratedMethodAccessor57'
Event: 7298.433 Thread 0x00000255f8c32530 Unloading class 0x0000000100788400 'jdk/internal/reflect/GeneratedMethodAccessor56'
Event: 7298.433 Thread 0x00000255f8c32530 Unloading class 0x0000000100788000 'jdk/internal/reflect/GeneratedMethodAccessor55'

Classes redefined (0 events):
No events

Internal exceptions (20 events):
Event: 53.899 Thread 0x00000255fe8526f0 Exception <a 'java/lang/NoSuchMethodError'{0x00000000cd1bf418}: 'java.lang.Object java.lang.invoke.DirectMethodHandle$Holder.newInvokeSpecial(java.lang.Object, long)'> (0x00000000cd1bf418) 
thrown [s\src\hotspot\share\interpreter\linkResolver.cpp, line 759]
Event: 316.721 Thread 0x00000255fe7d5490 Exception <a 'java/io/IOException'{0x00000000cf5470d8}> (0x00000000cf5470d8) 
thrown [s\src\hotspot\share\prims\jni.cpp, line 516]
Event: 317.058 Thread 0x00000255fe7d2700 Exception <a 'java/io/IOException'{0x00000000cf53e8a0}> (0x00000000cf53e8a0) 
thrown [s\src\hotspot\share\prims\jni.cpp, line 516]
Event: 318.169 Thread 0x00000255fe7d5eb0 Exception <a 'java/io/IOException'{0x00000000cf5449f8}> (0x00000000cf5449f8) 
thrown [s\src\hotspot\share\prims\jni.cpp, line 516]
Event: 351.670 Thread 0x00000255fe7d7d10 Exception <a 'java/lang/NoSuchMethodError'{0x00000000cd284d50}: 'java.lang.Object java.lang.invoke.DirectMethodHandle$Holder.newInvokeSpecial(java.lang.Object, java.lang.Object, int, java.lang.Object)'> (0x00000000cd284d50) 
thrown [s\src\hotspot\share\interpreter\linkResolver.cpp, line 759]
Event: 351.670 Thread 0x00000255fe7d7d10 Exception <a 'java/lang/NoSuchMethodError'{0x00000000cd288670}: 'java.lang.Object java.lang.invoke.Invokers$Holder.linkToTargetMethod(java.lang.Object, int, java.lang.Object, java.lang.Object)'> (0x00000000cd288670) 
thrown [s\src\hotspot\share\interpreter\linkResolver.cpp, line 759]
Event: 4297.704 Thread 0x00000255fe7d8730 Exception <a 'sun/nio/fs/WindowsException'{0x00000000c3c85f20}> (0x00000000c3c85f20) 
thrown [s\src\hotspot\share\prims\jni.cpp, line 516]
Event: 4297.704 Thread 0x00000255fe7d8730 Exception <a 'sun/nio/fs/WindowsException'{0x00000000c3c867f8}> (0x00000000c3c867f8) 
thrown [s\src\hotspot\share\prims\jni.cpp, line 516]
Event: 4297.704 Thread 0x00000255fe7d8730 Exception <a 'sun/nio/fs/WindowsException'{0x00000000c3c870b8}> (0x00000000c3c870b8) 
thrown [s\src\hotspot\share\prims\jni.cpp, line 516]
Event: 4297.704 Thread 0x00000255fe7d8730 Exception <a 'sun/nio/fs/WindowsException'{0x00000000c3c87978}> (0x00000000c3c87978) 
thrown [s\src\hotspot\share\prims\jni.cpp, line 516]
Event: 4297.704 Thread 0x00000255fe7d8730 Exception <a 'sun/nio/fs/WindowsException'{0x00000000c3c88340}> (0x00000000c3c88340) 
thrown [s\src\hotspot\share\prims\jni.cpp, line 516]
Event: 4297.704 Thread 0x00000255fe7d8730 Exception <a 'sun/nio/fs/WindowsException'{0x00000000c3c88d70}> (0x00000000c3c88d70) 
thrown [s\src\hotspot\share\prims\jni.cpp, line 516]
Event: 5158.475 Thread 0x00000255fe7d8730 Exception <a 'sun/nio/fs/WindowsException'{0x00000000c3cc9310}> (0x00000000c3cc9310) 
thrown [s\src\hotspot\share\prims\jni.cpp, line 516]
Event: 5158.475 Thread 0x00000255fe7d8730 Exception <a 'sun/nio/fs/WindowsException'{0x00000000c3cc9be8}> (0x00000000c3cc9be8) 
thrown [s\src\hotspot\share\prims\jni.cpp, line 516]
Event: 5158.475 Thread 0x00000255fe7d8730 Exception <a 'sun/nio/fs/WindowsException'{0x00000000c3cca4a8}> (0x00000000c3cca4a8) 
thrown [s\src\hotspot\share\prims\jni.cpp, line 516]
Event: 5158.476 Thread 0x00000255fe7d8730 Exception <a 'sun/nio/fs/WindowsException'{0x00000000c3ccad68}> (0x00000000c3ccad68) 
thrown [s\src\hotspot\share\prims\jni.cpp, line 516]
Event: 5158.476 Thread 0x00000255fe7d8730 Exception <a 'sun/nio/fs/WindowsException'{0x00000000c3ccb730}> (0x00000000c3ccb730) 
thrown [s\src\hotspot\share\prims\jni.cpp, line 516]
Event: 5158.476 Thread 0x00000255fe7d8730 Exception <a 'sun/nio/fs/WindowsException'{0x00000000c3ccc160}> (0x00000000c3ccc160) 
thrown [s\src\hotspot\share\prims\jni.cpp, line 516]
Event: 7177.123 Thread 0x00000255fe8d14f0 Implicit null exception at 0x00000255f10e5137 to 0x00000255f10e525a
Event: 7177.123 Thread 0x00000255fe8d14f0 Exception <a 'java/lang/NullPointerException'{0x00000000cd105e18}> (0x00000000cd105e18) 
thrown [s\src\hotspot\share\runtime\sharedRuntime.cpp, line 631]

VM Operations (20 events):
Event: 9032.426 Executing VM operation: G1CollectFull done
Event: 9042.562 Executing VM operation: G1CollectFull
Event: 9042.623 Executing VM operation: G1CollectFull done
Event: 9052.790 Executing VM operation: G1CollectFull
Event: 9052.855 Executing VM operation: G1CollectFull done
Event: 9063.095 Executing VM operation: G1CollectFull
Event: 9063.178 Executing VM operation: G1CollectFull done
Event: 9073.411 Executing VM operation: G1CollectFull
Event: 9073.496 Executing VM operation: G1CollectFull done
Event: 9083.644 Executing VM operation: G1CollectFull
Event: 9083.710 Executing VM operation: G1CollectFull done
Event: 9093.860 Executing VM operation: G1CollectFull
Event: 9093.917 Executing VM operation: G1CollectFull done
Event: 9104.060 Executing VM operation: G1CollectFull
Event: 9104.120 Executing VM operation: G1CollectFull done
Event: 9114.317 Executing VM operation: G1CollectFull
Event: 9114.379 Executing VM operation: G1CollectFull done
Event: 9124.526 Executing VM operation: G1CollectFull
Event: 9124.590 Executing VM operation: G1CollectFull done
Event: 9134.649 Executing VM operation: G1CollectFull

Events (20 events):
Event: 7046.518 Thread 0x00000255fe41aa10 Thread exited: 0x00000255fe41aa10
Event: 7050.371 Thread 0x00000255fea0f370 Thread exited: 0x00000255fea0f370
Event: 7075.844 Thread 0x00000255fe8d14f0 Thread added: 0x00000255fe8d14f0
Event: 7119.793 Thread 0x00000255fe7d4a70 Thread exited: 0x00000255fe7d4a70
Event: 7135.856 Thread 0x00000255fe7d4050 Thread exited: 0x00000255fe7d4050
Event: 7261.694 Thread 0x00000255fe7d9b70 Thread exited: 0x00000255fe7d9b70
Event: 7281.776 Thread 0x00000255fe7da080 Thread exited: 0x00000255fe7da080
Event: 7285.456 Thread 0x00000255fe7d2700 Thread exited: 0x00000255fe7d2700
Event: 7285.551 Thread 0x00000255fe7d6de0 Thread exited: 0x00000255fe7d6de0
Event: 7285.769 Thread 0x00000255fe8d14f0 Thread exited: 0x00000255fe8d14f0
Event: 8202.608 Thread 0x00000255fe8d2420 Thread added: 0x00000255fe8d2420
Event: 8202.609 Thread 0x00000255fe8d2930 Thread added: 0x00000255fe8d2930
Event: 8204.390 Thread 0x00000255fe8d14f0 Thread added: 0x00000255fe8d14f0
Event: 8262.639 Thread 0x00000255fe8d2930 Thread exited: 0x00000255fe8d2930
Event: 8264.405 Thread 0x00000255fe8d14f0 Thread exited: 0x00000255fe8d14f0
Event: 8264.405 Thread 0x00000255fe8d2420 Thread exited: 0x00000255fe8d2420
Event: 8800.762 Thread 0x00000255fe8d2420 Thread added: 0x00000255fe8d2420
Event: 8800.765 Thread 0x00000255fe8d2930 Thread added: 0x00000255fe8d2930
Event: 8860.807 Thread 0x00000255fe8d2420 Thread exited: 0x00000255fe8d2420
Event: 8860.807 Thread 0x00000255fe8d2930 Thread exited: 0x00000255fe8d2930


Dynamic libraries:
0x00007ff7ae0b0000 - 0x00007ff7ae0be000 	c:\Users\DELL 5425\.vscode\extensions\redhat.java-1.28.1-win32-x64\jre\17.0.10-win32-x86_64\bin\java.exe
0x00007fffa4a80000 - 0x00007fffa4c87000 	C:\Windows\SYSTEM32\ntdll.dll
0x00007fffa4220000 - 0x00007fffa42dd000 	C:\Windows\System32\KERNEL32.DLL
0x00007fffa2150000 - 0x00007fffa24c4000 	C:\Windows\System32\KERNELBASE.dll
0x00007fffa24d0000 - 0x00007fffa25e1000 	C:\Windows\System32\ucrtbase.dll
0x00007fff83a10000 - 0x00007fff83a27000 	c:\Users\DELL 5425\.vscode\extensions\redhat.java-1.28.1-win32-x64\jre\17.0.10-win32-x86_64\bin\jli.dll
0x00007fffa2c90000 - 0x00007fffa2e3c000 	C:\Windows\System32\USER32.dll
0x00007fffa28e0000 - 0x00007fffa2906000 	C:\Windows\System32\win32u.dll
0x00007fffa3000000 - 0x00007fffa3029000 	C:\Windows\System32\GDI32.dll
0x00007fffa25f0000 - 0x00007fffa2702000 	C:\Windows\System32\gdi32full.dll
0x00007fffa2710000 - 0x00007fffa27ad000 	C:\Windows\System32\msvcp_win.dll
0x00007fff6b690000 - 0x00007fff6b6ab000 	c:\Users\DELL 5425\.vscode\extensions\redhat.java-1.28.1-win32-x64\jre\17.0.10-win32-x86_64\bin\VCRUNTIME140.dll
0x00007fff90bc0000 - 0x00007fff90e65000 	C:\Windows\WinSxS\amd64_microsoft.windows.common-controls_6595b64144ccf1df_6.0.22000.120_none_9d947278b86cc467\COMCTL32.dll
0x00007fffa43e0000 - 0x00007fffa4483000 	C:\Windows\System32\msvcrt.dll
0x00007fffa4340000 - 0x00007fffa4371000 	C:\Windows\System32\IMM32.DLL
0x00007fff9c8c0000 - 0x00007fff9c8cc000 	c:\Users\DELL 5425\.vscode\extensions\redhat.java-1.28.1-win32-x64\jre\17.0.10-win32-x86_64\bin\vcruntime140_1.dll
0x00007fff459c0000 - 0x00007fff45a4d000 	c:\Users\DELL 5425\.vscode\extensions\redhat.java-1.28.1-win32-x64\jre\17.0.10-win32-x86_64\bin\msvcp140.dll
0x00007fff2ffe0000 - 0x00007fff30c42000 	c:\Users\DELL 5425\.vscode\extensions\redhat.java-1.28.1-win32-x64\jre\17.0.10-win32-x86_64\bin\server\jvm.dll
0x00007fffa3040000 - 0x00007fffa30ec000 	C:\Windows\System32\ADVAPI32.dll
0x00007fffa2e40000 - 0x00007fffa2edd000 	C:\Windows\System32\sechost.dll
0x00007fffa3560000 - 0x00007fffa3681000 	C:\Windows\System32\RPCRT4.dll
0x00007fffa0a90000 - 0x00007fffa0add000 	C:\Windows\SYSTEM32\POWRPROF.dll
0x00007fff86ed0000 - 0x00007fff86ed9000 	C:\Windows\SYSTEM32\WSOCK32.dll
0x00007fffa44a0000 - 0x00007fffa450f000 	C:\Windows\System32\WS2_32.dll
0x00007fff9fbe0000 - 0x00007fff9fc13000 	C:\Windows\SYSTEM32\WINMM.dll
0x00007fff978e0000 - 0x00007fff978ea000 	C:\Windows\SYSTEM32\VERSION.dll
0x00007fffa0a30000 - 0x00007fffa0a43000 	C:\Windows\SYSTEM32\UMPDC.dll
0x00007fffa1170000 - 0x00007fffa1188000 	C:\Windows\SYSTEM32\kernel.appcore.dll
0x00007fff83a00000 - 0x00007fff83a0a000 	c:\Users\DELL 5425\.vscode\extensions\redhat.java-1.28.1-win32-x64\jre\17.0.10-win32-x86_64\bin\jimage.dll
0x00007fff9f960000 - 0x00007fff9fb81000 	C:\Windows\SYSTEM32\DBGHELP.DLL
0x00007fff9f920000 - 0x00007fff9f951000 	C:\Windows\SYSTEM32\dbgcore.DLL
0x00007fffa20d0000 - 0x00007fffa2150000 	C:\Windows\System32\bcryptPrimitives.dll
0x00007fff5dc70000 - 0x00007fff5dc95000 	c:\Users\DELL 5425\.vscode\extensions\redhat.java-1.28.1-win32-x64\jre\17.0.10-win32-x86_64\bin\java.dll
0x00007fff6b620000 - 0x00007fff6b638000 	c:\Users\DELL 5425\.vscode\extensions\redhat.java-1.28.1-win32-x64\jre\17.0.10-win32-x86_64\bin\zip.dll
0x00007fffa3750000 - 0x00007fffa3efa000 	C:\Windows\System32\SHELL32.dll
0x00007fffa0100000 - 0x00007fffa0962000 	C:\Windows\SYSTEM32\windows.storage.dll
0x00007fffa2910000 - 0x00007fffa2c88000 	C:\Windows\System32\combase.dll
0x00007fff9ff90000 - 0x00007fffa00f6000 	C:\Windows\SYSTEM32\wintypes.dll
0x00007fffa4640000 - 0x00007fffa472a000 	C:\Windows\System32\SHCORE.dll
0x00007fffa42e0000 - 0x00007fffa433d000 	C:\Windows\System32\shlwapi.dll
0x00007fffa1e90000 - 0x00007fffa1eb1000 	C:\Windows\SYSTEM32\profapi.dll
0x00007fff683e0000 - 0x00007fff683f9000 	C:\Users\DELL 5425\.vscode\extensions\redhat.java-1.28.1-win32-x64\jre\17.0.10-win32-x86_64\bin\net.dll
0x00007fff9c510000 - 0x00007fff9c61c000 	C:\Windows\SYSTEM32\WINHTTP.dll
0x00007fffa1580000 - 0x00007fffa15e7000 	C:\Windows\system32\mswsock.dll
0x00007fff626c0000 - 0x00007fff626d6000 	C:\Users\DELL 5425\.vscode\extensions\redhat.java-1.28.1-win32-x64\jre\17.0.10-win32-x86_64\bin\nio.dll
0x00007fff7fbf0000 - 0x00007fff7fc00000 	c:\Users\DELL 5425\.vscode\extensions\redhat.java-1.28.1-win32-x64\jre\17.0.10-win32-x86_64\bin\verify.dll
0x00007fffa17c0000 - 0x00007fffa17d8000 	C:\Windows\SYSTEM32\CRYPTSP.dll
0x00007fffa10d0000 - 0x00007fffa1105000 	C:\Windows\system32\rsaenh.dll
0x00007fffa1670000 - 0x00007fffa1699000 	C:\Windows\SYSTEM32\USERENV.dll
0x00007fffa1940000 - 0x00007fffa1967000 	C:\Windows\SYSTEM32\bcrypt.dll
0x00007fffa17e0000 - 0x00007fffa17ec000 	C:\Windows\SYSTEM32\CRYPTBASE.dll
0x00007fffa0cb0000 - 0x00007fffa0cdd000 	C:\Windows\SYSTEM32\IPHLPAPI.DLL
0x00007fffa4490000 - 0x00007fffa4499000 	C:\Windows\System32\NSI.dll
0x00007fff9c4b0000 - 0x00007fff9c4c9000 	C:\Windows\SYSTEM32\dhcpcsvc6.DLL
0x00007fff9c890000 - 0x00007fff9c8ae000 	C:\Windows\SYSTEM32\dhcpcsvc.DLL
0x00007fffa0ce0000 - 0x00007fffa0dc7000 	C:\Windows\SYSTEM32\DNSAPI.dll
0x00007fff9fc70000 - 0x00007fff9fc79000 	C:\Users\DELL 5425\.vscode\extensions\redhat.java-1.28.1-win32-x64\jre\17.0.10-win32-x86_64\bin\management.dll
0x00007fff9e130000 - 0x00007fff9e13b000 	C:\Users\DELL 5425\.vscode\extensions\redhat.java-1.28.1-win32-x64\jre\17.0.10-win32-x86_64\bin\management_ext.dll
0x00007fffa4730000 - 0x00007fffa4738000 	C:\Windows\System32\PSAPI.DLL
0x00007fff7fa70000 - 0x00007fff7fa7e000 	C:\Users\DELL 5425\.vscode\extensions\redhat.java-1.28.1-win32-x64\jre\17.0.10-win32-x86_64\bin\sunmscapi.dll
0x00007fffa1f60000 - 0x00007fffa20c2000 	C:\Windows\System32\CRYPT32.dll
0x00007fffa1910000 - 0x00007fffa1938000 	C:\Windows\SYSTEM32\ncrypt.dll
0x00007fffa18d0000 - 0x00007fffa1907000 	C:\Windows\SYSTEM32\NTASN1.dll
0x00007fff97f50000 - 0x00007fff97f5a000 	C:\Windows\System32\rasadhlp.dll
0x00007fff99910000 - 0x00007fff99991000 	C:\Windows\System32\fwpuclnt.dll
0x00007fff94a90000 - 0x00007fff94a99000 	C:\Users\DELL 5425\.vscode\extensions\redhat.java-1.28.1-win32-x64\jre\17.0.10-win32-x86_64\bin\extnet.dll

dbghelp: loaded successfully - version: 4.0.5 - missing functions: none
symbol engine: initialized successfully - sym options: 0x614 - pdb path: .;c:\Users\DELL 5425\.vscode\extensions\redhat.java-1.28.1-win32-x64\jre\17.0.10-win32-x86_64\bin;C:\Windows\SYSTEM32;C:\Windows\WinSxS\amd64_microsoft.windows.common-controls_6595b64144ccf1df_6.0.22000.120_none_9d947278b86cc467;c:\Users\DELL 5425\.vscode\extensions\redhat.java-1.28.1-win32-x64\jre\17.0.10-win32-x86_64\bin\server

VM Arguments:
jvm_args: -XX:+HeapDumpOnOutOfMemoryError -Xmx1024m -Dsts.lsp.client=vscode -Dsts.log.file=/dev/null -XX:TieredStopAtLevel=1 -Xlog:jni+resolve=off -Dspring.config.location=file:c:\Users\DELL 5425\.vscode\extensions\vmware.vscode-spring-boot-1.53.0\language-server\BOOT-INF\classes\application.properties 
java_command: org.springframework.ide.vscode.boot.app.BootLanguageServerBootApp
java_class_path (initial): c:\Users\DELL 5425\.vscode\extensions\vmware.vscode-spring-boot-1.53.0\language-server\BOOT-INF\classes;c:\Users\DELL 5425\.vscode\extensions\vmware.vscode-spring-boot-1.53.0\language-server\BOOT-INF\lib\annotations-24.1.0.jar;c:\Users\DELL 5425\.vscode\extensions\vmware.vscode-spring-boot-1.53.0\language-server\BOOT-INF\lib\antlr4-runtime-4.11.1.jar;c:\Users\DELL 5425\.vscode\extensions\vmware.vscode-spring-boot-1.53.0\language-server\BOOT-INF\lib\asm-9.6.jar;c:\Users\DELL 5425\.vscode\extensions\vmware.vscode-spring-boot-1.53.0\language-server\BOOT-INF\lib\asm-analysis-9.6.jar;c:\Users\DELL 5425\.vscode\extensions\vmware.vscode-spring-boot-1.53.0\language-server\BOOT-INF\lib\asm-tree-9.6.jar;c:\Users\DELL 5425\.vscode\extensions\vmware.vscode-spring-boot-1.53.0\language-server\BOOT-INF\lib\asm-util-9.6.jar;c:\Users\DELL 5425\.vscode\extensions\vmware.vscode-spring-boot-1.53.0\language-server\BOOT-INF\lib\caffeine-3.1.8.jar;c:\Users\DELL 5425\.vscode\extensions\vmware.vscode-spring-boot-1.53.0\language-server\BOOT-INF\lib\checker-qual-3.12.0.jar;c:\Users\DELL 5425\.vscode\extensions\vmware.vscode-spring-boot-1.53.0\language-server\BOOT-INF\lib\classgraph-4.8.149.jar;c:\Users\DELL 5425\.vscode\extensions\vmware.vscode-spring-boot-1.53.0\language-server\BOOT-INF\lib\commons-codec-1.16.1.jar;c:\Users\DELL 5425\.vscode\extensions\vmware.vscode-spring-boot-1.53.0\language-server\BOOT-INF\lib\commons-compress-1.26.0.jar;c:\Users\DELL 5425\.vscode\extensions\vmware.vscode-spring-boot-1.53.0\language-server\BOOT-INF\lib\commons-io-2.4.jar;c:\Users\DELL 5425\.vscode\extensions\vmware.vscode-spring-boot-1.53.0\language-server\BOOT-INF\lib\commons-java-1.53.0-SNAPSHOT.jar;c:\Users\DELL 5425\.vscode\extensions\vmware.vscode-spring-boot-1.53.0\language-server\BOOT-INF\lib\commons-lang3-3.13.0.jar;c:\Users\DELL 5425\.vscode\extensions\vmware.vscode-spring-boot-1.53.0\language-server\BOOT-INF\lib\commons-language-server-1.53.0-SNAPSHOT.jar;c:\Users\DE
Launcher Type: SUN_STANDARD

[Global flags]
     intx CICompilerCount                          = 4                                         {product} {ergonomic}
     uint ConcGCThreads                            = 3                                         {product} {ergonomic}
     uint G1ConcRefinementThreads                  = 10                                        {product} {ergonomic}
   size_t G1HeapRegionSize                         = 1048576                                   {product} {ergonomic}
    uintx GCDrainStackTargetSize                   = 64                                        {product} {ergonomic}
     bool HeapDumpOnOutOfMemoryError               = true                                   {manageable} {command line}
   size_t InitialHeapSize                          = 257949696                                 {product} {ergonomic}
   size_t MarkStackSize                            = 4194304                                   {product} {ergonomic}
   size_t MaxHeapSize                              = 1073741824                                {product} {command line}
   size_t MaxNewSize                               = 643825664                                 {product} {ergonomic}
   size_t MinHeapDeltaBytes                        = 1048576                                   {product} {ergonomic}
   size_t MinHeapSize                              = 8388608                                   {product} {ergonomic}
    uintx NonProfiledCodeHeapSize                  = 0                                      {pd product} {ergonomic}
     bool ProfileInterpreter                       = false                                  {pd product} {command line}
    uintx ProfiledCodeHeapSize                     = 0                                      {pd product} {ergonomic}
   size_t SoftMaxHeapSize                          = 1073741824                             {manageable} {ergonomic}
     intx TieredStopAtLevel                        = 1                                         {product} {command line}
     bool UseCompressedClassPointers               = true                           {product lp64_product} {ergonomic}
     bool UseCompressedOops                        = true                           {product lp64_product} {ergonomic}
     bool UseG1GC                                  = true                                      {product} {ergonomic}
     bool UseLargePagesIndividualAllocation        = false                                  {pd product} {ergonomic}

Logging:
Log output configuration:
 #0: stdout all=warning,jni+resolve=off uptime,level,tags
 #1: stderr all=off uptime,level,tags

Environment Variables:
JAVA_HOME=C:\Program Files\Java\jdk-21
PATH=C:\Program Files\Common Files\Oracle\Java\javapath;C:\Windows\system32;C:\Windows;C:\Windows\System32\Wbem;C:\Windows\System32\WindowsPowerShell\v1.0\;C:\Windows\System32\OpenSSH\;C:\Program Files\Git\cmd;C:\Program Files\nodejs\;C:\Program Files\MySQL\MySQL Shell 8.0\bin\;C:\Users\DELL 5425\AppData\Local\Programs\Python\Python311\Scripts\;C:\Users\DELL 5425\AppData\Local\Programs\Python\Python311\;C:\Users\DELL 5425\AppData\Local\Microsoft\WindowsApps;C:\Users\DELL 5425\AppData\Local\Programs\Microsoft VS Code\bin;D:\djenv\Scripts\activate;C:\Program Files\Java\jdk-21\bin;C:\apache-maven-3.9.5\bin;C:\Users\DELL 5425\AppData\Roaming\npm;C:\Program Files\nodejs\node_modules\npm\bin;C:\Users\DELL 5425\AppData\Roaming\npm\node_modules\yarn\bin;C:\Program Files\JetBrains\IntelliJ IDEA 2023.3.1\bin;;C:\Program Files\MySQL\MySQL Server 8.0\bin;
USERNAME=DELL 5425
OS=Windows_NT
PROCESSOR_IDENTIFIER=AMD64 Family 25 Model 80 Stepping 0, AuthenticAMD
TMP=C:\Users\DELL54~1\AppData\Local\Temp
TEMP=C:\Users\DELL54~1\AppData\Local\Temp



Periodic native trim disabled


---------------  S Y S T E M  ---------------

OS:
 Windows 11 , 64 bit Build 22000 (10.0.22000.318)
OS uptime: 20 days 3:32 hours

CPU: total 12 (initial active 12) (12 cores per cpu, 2 threads per core) family 25 model 80 stepping 0 microcode 0x0, cx8, cmov, fxsr, ht, mmx, 3dnowpref, sse, sse2, sse3, ssse3, sse4a, sse4.1, sse4.2, popcnt, lzcnt, tsc, tscinvbit, avx, avx2, aes, erms, clmul, bmi1, bmi2, adx, sha, fma, vzeroupper, clflush, clflushopt
Processor Information for all 12 processors :
  Max Mhz: 2301, Current Mhz: 1904, Mhz Limit: 2301

Memory: 4k page, system-wide physical 15720M (3351M free)
TotalPageFile size 46204M (AvailPageFile size 6M)
current process WorkingSet (physical memory assigned to process): 217M, peak: 238M
current process commit charge ("private bytes"): 287M, peak: 361M

vm_info: OpenJDK 64-Bit Server VM (17.0.10+7) for windows-amd64 JRE (17.0.10+7), built on Jan 16 2024 23:25:11 by "admin" with MS VC++ 16.10 / 16.11 (VS2019)

END.
